<?xml version="1.0" encoding="UTF-8"?>
<testng-results ignored="0" total="1" passed="1" failed="0" skipped="0">
  <reporter-output>
  </reporter-output>
  <suite started-at="2024-11-27T13:28:42 IST" name="Default suite" finished-at="2024-11-27T13:29:03 IST" duration-ms="21471">
    <groups>
    </groups>
    <test started-at="2024-11-27T13:28:42 IST" name="Default test" finished-at="2024-11-27T13:29:03 IST" duration-ms="21471">
      <class name="testscript.NavigationTest">
        <test-method is-config="true" signature="open()[pri:0, instance:testscript.NavigationTest@593aaf41]" started-at="2024-11-27T13:28:42 IST" name="open" finished-at="2024-11-27T13:28:50 IST" duration-ms="8652" status="PASS">
          <reporter-output>
          </reporter-output>
        </test-method> <!-- open -->
        <test-method signature="navigate_To_RevenueCalculatorPage()[pri:0, instance:testscript.NavigationTest@593aaf41]" started-at="2024-11-27T13:28:50 IST" name="navigate_To_RevenueCalculatorPage" finished-at="2024-11-27T13:29:03 IST" duration-ms="12546" status="PASS">
          <reporter-output>
          </reporter-output>
        </test-method> <!-- navigate_To_RevenueCalculatorPage -->
        <test-method is-config="true" signature="closeAllBrowsers()[pri:0, instance:testscript.NavigationTest@593aaf41]" started-at="2024-11-27T13:29:03 IST" name="closeAllBrowsers" finished-at="2024-11-27T13:29:03 IST" duration-ms="224" status="PASS">
          <reporter-output>
          </reporter-output>
        </test-method> <!-- closeAllBrowsers -->
      </class> <!-- testscript.NavigationTest -->
    </test> <!-- Default test -->
  </suite> <!-- Default suite -->
</testng-results>
